<?xml version="1.0" encoding="UTF-8"?>
<!-- Generated by org.testng.reporters.JUnitReportReporter -->
<testsuite hostname="DESKTOP-GLQTP1C" name="test.ReverseNumTest" tests="3" failures="0" timestamp="8 Jun 2019 07:39:15 GMT" time="0.009" errors="0">
  <testcase name="test3" time="0.000" classname="test.ReverseNumTest"/>
  <testcase name="test1" time="0.009" classname="test.ReverseNumTest"/>
  <testcase name="test2" time="0.000" classname="test.ReverseNumTest"/>
</testsuite> <!-- test.ReverseNumTest -->
