<?xml version="1.0" encoding="UTF-8"?>
<!-- Generated by org.testng.reporters.JUnitReportReporter -->
<testsuite hostname="DESKTOP-GLQTP1C" name="test.PrimeTest" tests="4" failures="0" timestamp="8 Jun 2019 08:22:33 GMT" time="0.011" errors="0">
  <testcase name="test3" time="0.001" classname="test.PrimeTest"/>
  <testcase name="test1" time="0.009" classname="test.PrimeTest"/>
  <testcase name="test2" time="0.001" classname="test.PrimeTest"/>
  <testcase name="test4" time="0.000" classname="test.PrimeTest"/>
</testsuite> <!-- test.PrimeTest -->
