<?xml version="1.0" encoding="UTF-8"?>
<!-- Generated by org.testng.reporters.JUnitReportReporter -->
<testsuite hostname="DESKTOP-GLQTP1C" name="test.RemoveTest" tests="2" failures="0" timestamp="8 Jun 2019 07:41:36 GMT" time="0.010" errors="0">
  <testcase name="Test1" time="0.009" classname="test.RemoveTest"/>
  <testcase name="Test2" time="0.001" classname="test.RemoveTest"/>
</testsuite> <!-- test.RemoveTest -->
