<?xml version="1.0" encoding="UTF-8"?>
<!-- Generated by org.testng.reporters.JUnitReportReporter -->
<testsuite hostname="DESKTOP-GLQTP1C" name="javatestcases.ReverseNumTest" tests="3" failures="0" timestamp="7 Jun 2019 08:19:31 GMT" time="0.011" errors="0">
  <testcase name="test3" time="0.000" classname="javatestcases.ReverseNumTest"/>
  <testcase name="test1" time="0.011" classname="javatestcases.ReverseNumTest"/>
  <testcase name="test2" time="0.000" classname="javatestcases.ReverseNumTest"/>
</testsuite> <!-- javatestcases.ReverseNumTest -->
