<?xml version="1.0" encoding="UTF-8"?>
<!-- Generated by org.testng.reporters.JUnitReportReporter -->
<testsuite hostname="DESKTOP-GLQTP1C" name="test.FactorialTest" tests="3" failures="0" timestamp="8 Jun 2019 07:47:24 GMT" time="0.010" errors="0">
  <testcase name="test3" time="0.001" classname="test.FactorialTest"/>
  <testcase name="test1" time="0.009" classname="test.FactorialTest"/>
  <testcase name="test2" time="0.000" classname="test.FactorialTest"/>
</testsuite> <!-- test.FactorialTest -->
