<?xml version="1.0" encoding="UTF-8"?>
<!-- Generated by org.testng.reporters.JUnitReportReporter -->
<testsuite hostname="DESKTOP-GLQTP1C" name="test.CompareTest" tests="3" failures="0" timestamp="8 Jun 2019 07:38:18 GMT" time="0.010" errors="0">
  <testcase name="test2" time="0.000" classname="test.CompareTest"/>
  <testcase name="test1" time="0.010" classname="test.CompareTest"/>
  <testcase name="test3" time="0.000" classname="test.CompareTest"/>
</testsuite> <!-- test.CompareTest -->
