<?xml version="1.0" encoding="UTF-8"?>
<!-- Generated by org.testng.reporters.JUnitReportReporter -->
<testsuite hostname="DESKTOP-GLQTP1C" name="test.FibonacciTest" tests="3" failures="0" timestamp="8 Jun 2019 08:26:24 GMT" time="0.010" errors="0">
  <testcase name="test3" time="0.000" classname="test.FibonacciTest"/>
  <testcase name="test1" time="0.010" classname="test.FibonacciTest"/>
  <testcase name="test2" time="0.000" classname="test.FibonacciTest"/>
</testsuite> <!-- test.FibonacciTest -->
