<?xml version="1.0" encoding="UTF-8"?>
<!-- Generated by org.testng.reporters.JUnitReportReporter -->
<testsuite hostname="DESKTOP-GLQTP1C" name="javatestcases.CompareTest" tests="3" failures="0" timestamp="7 Jun 2019 07:20:28 GMT" time="0.012" errors="0">
  <testcase name="test2" time="0.001" classname="javatestcases.CompareTest"/>
  <testcase name="test1" time="0.010" classname="javatestcases.CompareTest"/>
  <testcase name="test3" time="0.001" classname="javatestcases.CompareTest"/>
</testsuite> <!-- javatestcases.CompareTest -->
