<?xml version="1.0" encoding="UTF-8"?>
<!-- Generated by org.testng.reporters.JUnitReportReporter -->
<testsuite hostname="DESKTOP-GLQTP1C" name="javatestcases.RemoveTest" tests="2" failures="0" timestamp="7 Jun 2019 10:09:08 GMT" time="0.010" errors="0">
  <testcase name="Test1" time="0.009" classname="javatestcases.RemoveTest"/>
  <testcase name="Test2" time="0.001" classname="javatestcases.RemoveTest"/>
</testsuite> <!-- javatestcases.RemoveTest -->
